{"/home/runner/work/nc-ionos-theme/nc-ionos-theme/IONOS/src/Header.svelte": {"path":"/home/runner/work/nc-ionos-theme/nc-ionos-theme/IONOS/src/Header.svelte","all":true,"statementMap":{"25":{"start":{"line":26,"column":0},"end":{"line":26,"column":42}},"29":{"start":{"line":30,"column":0},"end":{"line":30,"column":58}}},"s":{"25":0,"29":0},"branchMap":{"0":{"type":"branch","line":1,"loc":{"start":{"line":1,"column":1752},"end":{"line":74,"column":8}},"locations":[{"start":{"line":1,"column":1752},"end":{"line":74,"column":8}}]}},"b":{"0":[1]},"fnMap":{"0":{"name":"(empty-report)","decl":{"start":{"line":1,"column":1752},"end":{"line":74,"column":8}},"loc":{"start":{"line":1,"column":1752},"end":{"line":74,"column":8}},"line":1}},"f":{"0":1}}
,"/home/runner/work/nc-ionos-theme/nc-ionos-theme/IONOS/src/main.ts": {"path":"/home/runner/work/nc-ionos-theme/nc-ionos-theme/IONOS/src/main.ts","all":true,"statementMap":{"19":{"start":{"line":20,"column":0},"end":{"line":20,"column":25}},"20":{"start":{"line":21,"column":0},"end":{"line":21,"column":34}},"21":{"start":{"line":22,"column":0},"end":{"line":22,"column":47}},"22":{"start":{"line":23,"column":0},"end":{"line":23,"column":51}}},"s":{"19":0,"20":0,"21":0,"22":0},"branchMap":{"0":{"type":"branch","line":1,"loc":{"start":{"line":1,"column":983},"end":{"line":23,"column":51}},"locations":[{"start":{"line":1,"column":983},"end":{"line":23,"column":51}}]}},"b":{"0":[1]},"fnMap":{"0":{"name":"(empty-report)","decl":{"start":{"line":1,"column":983},"end":{"line":23,"column":51}},"loc":{"start":{"line":1,"column":983},"end":{"line":23,"column":51}},"line":1}},"f":{"0":1}}
,"/home/runner/work/nc-ionos-theme/nc-ionos-theme/IONOS/src/components/Icon.svelte": {"path":"/home/runner/work/nc-ionos-theme/nc-ionos-theme/IONOS/src/components/Icon.svelte","all":true,"statementMap":{"34":{"start":{"line":35,"column":0},"end":{"line":35,"column":16}},"35":{"start":{"line":36,"column":0},"end":{"line":36,"column":19}},"36":{"start":{"line":37,"column":0},"end":{"line":37,"column":19}},"37":{"start":{"line":38,"column":0},"end":{"line":38,"column":18}},"38":{"start":{"line":39,"column":0},"end":{"line":39,"column":18}},"39":{"start":{"line":40,"column":0},"end":{"line":40,"column":15}},"40":{"start":{"line":41,"column":0},"end":{"line":41,"column":19}},"41":{"start":{"line":42,"column":0},"end":{"line":42,"column":15}},"42":{"start":{"line":43,"column":0},"end":{"line":43,"column":17}},"46":{"start":{"line":47,"column":0},"end":{"line":47,"column":11}},"64":{"start":{"line":65,"column":0},"end":{"line":65,"column":19}},"74":{"start":{"line":75,"column":0},"end":{"line":75,"column":19}},"84":{"start":{"line":85,"column":0},"end":{"line":85,"column":18}},"114":{"start":{"line":115,"column":0},"end":{"line":115,"column":18}},"124":{"start":{"line":125,"column":0},"end":{"line":125,"column":15}},"134":{"start":{"line":135,"column":0},"end":{"line":135,"column":19}},"151":{"start":{"line":152,"column":0},"end":{"line":152,"column":15}},"161":{"start":{"line":162,"column":0},"end":{"line":162,"column":17}}},"s":{"34":0,"35":0,"36":0,"37":0,"38":0,"39":0,"40":0,"41":0,"42":0,"46":0,"64":0,"74":0,"84":0,"114":0,"124":0,"134":0,"151":0,"161":0},"branchMap":{"0":{"type":"branch","line":1,"loc":{"start":{"line":1,"column":22472},"end":{"line":191,"column":8}},"locations":[{"start":{"line":1,"column":22472},"end":{"line":191,"column":8}}]}},"b":{"0":[1]},"fnMap":{"0":{"name":"(empty-report)","decl":{"start":{"line":1,"column":22472},"end":{"line":191,"column":8}},"loc":{"start":{"line":1,"column":22472},"end":{"line":191,"column":8}},"line":1}},"f":{"0":1}}
,"/home/runner/work/nc-ionos-theme/nc-ionos-theme/IONOS/src/components/userMenu/UserMenu.svelte": {"path":"/home/runner/work/nc-ionos-theme/nc-ionos-theme/IONOS/src/components/userMenu/UserMenu.svelte","all":true,"statementMap":{"23":{"start":{"line":24,"column":0},"end":{"line":24,"column":30}},"25":{"start":{"line":26,"column":0},"end":{"line":26,"column":24}},"26":{"start":{"line":27,"column":0},"end":{"line":27,"column":23}},"29":{"start":{"line":30,"column":0},"end":{"line":30,"column":37}},"30":{"start":{"line":31,"column":0},"end":{"line":31,"column":57}},"31":{"start":{"line":32,"column":0},"end":{"line":32,"column":57}},"32":{"start":{"line":33,"column":0},"end":{"line":33,"column":42}},"33":{"start":{"line":34,"column":0},"end":{"line":34,"column":20}},"37":{"start":{"line":38,"column":0},"end":{"line":38,"column":56}},"39":{"start":{"line":40,"column":0},"end":{"line":40,"column":18}},"40":{"start":{"line":41,"column":0},"end":{"line":41,"column":60}},"46":{"start":{"line":47,"column":0},"end":{"line":47,"column":21}},"47":{"start":{"line":48,"column":0},"end":{"line":48,"column":23}},"52":{"start":{"line":53,"column":0},"end":{"line":53,"column":14}}},"s":{"23":0,"25":0,"26":0,"29":0,"30":0,"31":0,"32":0,"33":0,"37":0,"39":0,"40":0,"46":0,"47":0,"52":0},"branchMap":{"0":{"type":"branch","line":1,"loc":{"start":{"line":1,"column":3005},"end":{"line":129,"column":8}},"locations":[{"start":{"line":1,"column":3005},"end":{"line":129,"column":8}}]}},"b":{"0":[1]},"fnMap":{"0":{"name":"(empty-report)","decl":{"start":{"line":1,"column":3005},"end":{"line":129,"column":8}},"loc":{"start":{"line":1,"column":3005},"end":{"line":129,"column":8}},"line":1}},"f":{"0":1}}
,"/home/runner/work/nc-ionos-theme/nc-ionos-theme/IONOS/src/components/userMenu/UserMenuItem.svelte": {"path":"/home/runner/work/nc-ionos-theme/nc-ionos-theme/IONOS/src/components/userMenu/UserMenuItem.svelte","all":true,"statementMap":{"29":{"start":{"line":30,"column":0},"end":{"line":30,"column":12}},"30":{"start":{"line":31,"column":0},"end":{"line":31,"column":13}},"31":{"start":{"line":32,"column":0},"end":{"line":32,"column":12}},"32":{"start":{"line":33,"column":0},"end":{"line":33,"column":19}},"36":{"start":{"line":37,"column":0},"end":{"line":37,"column":47}},"38":{"start":{"line":39,"column":0},"end":{"line":39,"column":51}},"39":{"start":{"line":40,"column":0},"end":{"line":40,"column":34}}},"s":{"29":0,"30":0,"31":0,"32":0,"36":0,"38":0,"39":0},"branchMap":{"0":{"type":"branch","line":1,"loc":{"start":{"line":1,"column":1983},"end":{"line":88,"column":8}},"locations":[{"start":{"line":1,"column":1983},"end":{"line":88,"column":8}}]}},"b":{"0":[1]},"fnMap":{"0":{"name":"(empty-report)","decl":{"start":{"line":1,"column":1983},"end":{"line":88,"column":8}},"loc":{"start":{"line":1,"column":1983},"end":{"line":88,"column":8}},"line":1}},"f":{"0":1}}
}
